\BOOKMARK [0][-]{chapter.1}{\376\377\000I\000n\000t\000r\000o\000d\000u\000c\000t\000i\000o\000n}{}% 1
\BOOKMARK [1][-]{section.1.1}{\376\377\000A\000b\000o\000u\000t\000\040\000I\000N\000T\000E\000G\000R\000A\000L}{chapter.1}% 2
\BOOKMARK [2][-]{subsection.1.1.1}{\376\377\000A\000b\000o\000u\000t\000\040\000S\000P\000I}{section.1.1}% 3
\BOOKMARK [1][-]{section.1.2}{\376\377\000A\000b\000o\000u\000t\000\040\000S\000p\000i\000m\000o\000d\000f\000i\000t}{chapter.1}% 4
\BOOKMARK [1][-]{section.1.3}{\376\377\000P\000y\000S\000P\000I\000\040\000a\000n\000d\000\040\000t\000h\000e\000\040\000G\000o\000a\000l\000\040\000o\000f\000\040\000t\000h\000i\000s\000\040\000T\000h\000e\000s\000i\000s}{chapter.1}% 5
\BOOKMARK [0][-]{chapter.2}{\376\377\000T\000h\000e\000o\000r\000y\000\040\000a\000n\000d\000\040\000S\000i\000m\000u\000l\000a\000t\000i\000o\000n}{}% 6
\BOOKMARK [1][-]{section.2.1}{\376\377\000G\000e\000n\000e\000r\000a\000l\000\040\000P\000r\000o\000c\000e\000d\000u\000r\000e}{chapter.2}% 7
\BOOKMARK [2][-]{subsection.2.1.1}{\376\377\000L\000i\000k\000e\000l\000i\000h\000o\000o\000d\000\040\000C\000a\000l\000c\000u\000l\000a\000t\000i\000o\000n}{section.2.1}% 8
\BOOKMARK [2][-]{subsection.2.1.2}{\376\377\000G\000e\000n\000e\000r\000a\000l\000\040\000P\000r\000o\000c\000e\000d\000u\000r\000e\000:\000\040\000S\000u\000m\000m\000a\000r\000y}{section.2.1}% 9
\BOOKMARK [1][-]{section.2.2}{\376\377\000P\000u\000r\000e\000\040\000S\000i\000m\000u\000l\000a\000t\000i\000o\000n}{chapter.2}% 10
\BOOKMARK [2][-]{subsection.2.2.1}{\376\377\000C\000o\000n\000s\000i\000s\000t\000e\000n\000c\000y\000,\000\040\000A\000c\000c\000u\000r\000a\000c\000y\000,\000\040\000a\000n\000d\000\040\000P\000r\000e\000c\000i\000s\000i\000o\000n}{section.2.2}% 11
\BOOKMARK [2][-]{subsection.2.2.2}{\376\377\000E\000n\000e\000r\000g\000y\000\040\000R\000a\000n\000g\000e}{section.2.2}% 12
\BOOKMARK [2][-]{subsection.2.2.3}{\376\377\000N\000u\000m\000b\000e\000r\000\040\000o\000f\000\040\000E\000n\000e\000r\000g\000y\000\040\000B\000i\000n\000s}{section.2.2}% 13
\BOOKMARK [2][-]{subsection.2.2.4}{\376\377\000F\000i\000t\000t\000i\000n\000g\000\040\000D\000i\000f\000f\000e\000r\000e\000n\000t\000\040\000P\000o\000w\000e\000r\000l\000a\000w\000s}{section.2.2}% 14
\BOOKMARK [2][-]{subsection.2.2.5}{\376\377\000S\000e\000c\000o\000n\000d\000\040\000S\000o\000u\000r\000c\000e}{section.2.2}% 15
\BOOKMARK [2][-]{subsection.2.2.6}{\376\377\000D\000a\000t\000a\000\040\000S\000c\000a\000l\000i\000n\000g}{section.2.2}% 16
\BOOKMARK [2][-]{subsection.2.2.7}{\376\377\000A\000n\000g\000u\000l\000a\000r\000\040\000D\000i\000s\000t\000a\000n\000c\000e\000s\000\040\000b\000e\000t\000w\000e\000e\000n\000\040\000S\000C\000W\000s}{section.2.2}% 17
\BOOKMARK [2][-]{subsection.2.2.8}{\376\377\000A\000n\000g\000u\000l\000a\000r\000\040\000D\000i\000s\000t\000a\000n\000c\000e\000\040\000b\000e\000t\000w\000e\000e\000n\000\040\000S\000o\000u\000r\000c\000e\000\040\000a\000n\000d\000\040\000C\000l\000u\000s\000t\000e\000r}{section.2.2}% 18
\BOOKMARK [2][-]{subsection.2.2.9}{\376\377\000C\000l\000u\000s\000t\000e\000r\000\040\000S\000i\000z\000e}{section.2.2}% 19
\BOOKMARK [2][-]{subsection.2.2.10}{\376\377\000F\000i\000t\000t\000i\000n\000g\000\040\000t\000h\000e\000\040\000S\000o\000u\000r\000c\000e\000\040\000P\000o\000s\000i\000t\000i\000o\000n}{section.2.2}% 20
\BOOKMARK [1][-]{section.2.3}{\376\377\000M\000i\000x\000e\000d\000\040\000S\000i\000m\000u\000l\000a\000t\000i\000o\000n\000\040\000a\000n\000d\000\040\000S\000p\000i\000m\000o\000d\000f\000i\000t\000\040\000C\000o\000m\000p\000a\000r\000i\000s\000o\000n}{chapter.2}% 21
\BOOKMARK [1][-]{section.2.4}{\376\377\000P\000o\000s\000t\000e\000r\000i\000o\000r\000\040\000P\000r\000e\000d\000i\000c\000t\000i\000v\000e\000\040\000C\000h\000e\000c\000k\000\040\000\050\000P\000P\000C\000\051\000\040\000a\000n\000d\000\040\000B\000a\000c\000k\000g\000r\000o\000u\000n\000d\000\040\000A\000n\000a\000l\000y\000s\000i\000s}{chapter.2}% 22
\BOOKMARK [2][-]{subsection.2.4.1}{\376\377\000P\000P\000C\000s\000:\000\040\000T\000h\000e\000o\000r\000y}{section.2.4}% 23
\BOOKMARK [2][-]{subsection.2.4.2}{\376\377\000P\000P\000C\000s\000:\000\040\000P\000y\000S\000P\000I\000\040\000I\000m\000p\000l\000e\000m\000e\000n\000t\000a\000t\000i\000o\000n}{section.2.4}% 24
\BOOKMARK [2][-]{subsection.2.4.3}{\376\377\000B\000a\000c\000k\000g\000r\000o\000u\000n\000d\000\040\000A\000n\000a\000l\000y\000s\000i\000s}{section.2.4}% 25
\BOOKMARK [0][-]{appendix.A}{\376\377\000L\000i\000s\000t\000\040\000o\000f\000\040\000S\000o\000u\000r\000c\000e\000\040\000M\000o\000d\000e\000l\000s}{}% 26
\BOOKMARK [0][-]{appendix.B}{\376\377\000S\000c\000i\000e\000n\000c\000e\000\040\000W\000i\000n\000d\000o\000w\000\040\000C\000l\000u\000s\000t\000e\000r\000i\000n\000g\000\040\000A\000l\000g\000o\000r\000i\000t\000h\000m}{}% 27
\BOOKMARK [1][-]{section.B.1}{\376\377\000C\000l\000u\000s\000t\000e\000r\000i\000n\000g\000\040\000C\000o\000n\000d\000i\000t\000i\000o\000n\000s}{appendix.B}% 28
\BOOKMARK [1][-]{section.B.2}{\376\377\000C\000l\000u\000s\000t\000e\000r\000i\000n\000g\000\040\000A\000l\000g\000o\000r\000i\000t\000h\000m}{appendix.B}% 29
\BOOKMARK [0][-]{appendix.C}{\376\377\000S\000p\000i\000m\000o\000d\000f\000i\000t\000\040\000P\000r\000o\000c\000e\000d\000u\000r\000e}{}% 30
\BOOKMARK [1][-]{section.C.1}{\376\377\000F\000i\000t\000t\000i\000n\000g\000\040\000t\000h\000e\000\040\000C\000r\000a\000b\000\040\000N\000e\000b\000u\000l\000a}{appendix.C}% 31
\BOOKMARK [1][-]{section.C.2}{\376\377\000F\000i\000t\000t\000i\000n\000g\000\040\000o\000t\000h\000e\000r\000\040\000S\000o\000u\000r\000c\000e\000s}{appendix.C}% 32
\BOOKMARK [1][-]{section.C.3}{\376\377\000F\000i\000t\000t\000i\000n\000g\000\040\000C\000u\000s\000t\000o\000m\000\040\000D\000a\000t\000a}{appendix.C}% 33
\BOOKMARK [1][-]{section.C.4}{\376\377\000S\000p\000i\000m\000o\000d\000f\000i\000t\000\040\000B\000a\000c\000k\000g\000r\000o\000u\000n\000d}{appendix.C}% 34
